app/build/intermediates/manifest_merge_blame_file/release/manifest-merger-blame-release-report.txt
1<?xml version="1.0" encoding="utf-8"?>
2<!--
3    Copyright 2019 Google Inc. All Rights Reserved.
4
5     Licensed under the Apache License, Version 2.0 (the "License");
6     you may not use this file except in compliance with the License.
7     You may obtain a copy of the License at
8
9         http://www.apache.org/licenses/LICENSE-2.0
10
11     Unless required by applicable law or agreed to in writing, software
12     distributed under the License is distributed on an "AS IS" BASIS,
13     WITHOUT WARRANTIES OR CONDITIONS OF ANY KIND, either express or implied.
14     See the License for the specific language governing permissions and
15     limitations under the License.
16-->
17<!--
18 The "package" attribute is rewritten by the Gradle build with the value of applicationId.
19     It is still required here, as it is used to derive paths, for instance when referring
20     to an Activity by ".MyActivity" instead of the full name. If more Activities are added to the
21     application, the package attribute will need to reflect the correct path in order to use
22     the abbreviated format.
23-->
24<manifest xmlns:android="http://schemas.android.com/apk/res/android"
25    package="app.vercel.pwatesting.twa"
26    android:versionCode="1"
27    android:versionName="1" >
28
29    <uses-sdk
30        android:minSdkVersion="19"
30-->src\main\AndroidManifest.xml
31        android:targetSdkVersion="29" />
31-->src\main\AndroidManifest.xml
32
33    <queries>
33-->[com.google.androidbrowserhelper:androidbrowserhelper:2.0.0] AndroidManifest.xml:26:5-34:15
34        <intent>
34-->[com.google.androidbrowserhelper:androidbrowserhelper:2.0.0] AndroidManifest.xml:27:9-33:18
35            <action android:name="android.intent.action.VIEW" />
35-->src\main\AndroidManifest.xml:111:17-68
35-->src\main\AndroidManifest.xml:111:25-66
36
37            <category android:name="android.intent.category.BROWSABLE" />
37-->src\main\AndroidManifest.xml:113:17-77
37-->src\main\AndroidManifest.xml:113:27-75
38
39            <data android:scheme="https" />
39-->src\main\AndroidManifest.xml:114:17-115:54
39-->src\main\AndroidManifest.xml:114:23-45
40        </intent>
41    </queries>
42
43    <application
43-->src\main\AndroidManifest.xml:29:5-148:19
44        android:name="app.vercel.pwatesting.twa.Application"
44-->src\main\AndroidManifest.xml:30:9-35
45        android:allowBackup="true"
45-->src\main\AndroidManifest.xml:31:9-35
46        android:appComponentFactory="androidx.core.app.CoreComponentFactory"
46-->[androidx.core:core:1.1.0] AndroidManifest.xml:24:18-86
47        android:icon="@mipmap/ic_launcher"
47-->src\main\AndroidManifest.xml:32:9-43
48        android:label="@string/appName"
48-->src\main\AndroidManifest.xml:33:9-40
49        android:manageSpaceActivity="com.google.androidbrowserhelper.trusted.ManageDataLauncherActivity"
49-->src\main\AndroidManifest.xml:35:9-105
50        android:supportsRtl="true"
50-->src\main\AndroidManifest.xml:37:9-35
51        android:theme="@android:style/Theme.Translucent.NoTitleBar" >
51-->src\main\AndroidManifest.xml:38:9-68
52        <meta-data
52-->src\main\AndroidManifest.xml:40:9-42:58
53            android:name="asset_statements"
53-->src\main\AndroidManifest.xml:41:13-44
54            android:resource="@string/assetStatements" />
54-->src\main\AndroidManifest.xml:42:13-55
55        <meta-data
55-->src\main\AndroidManifest.xml:45:13-47:58
56            android:name="web_manifest_url"
56-->src\main\AndroidManifest.xml:46:17-48
57            android:value="@string/webManifestUrl" />
57-->src\main\AndroidManifest.xml:47:17-55
58        <meta-data
58-->src\main\AndroidManifest.xml:50:9-52:52
59            android:name="twa_generator"
59-->src\main\AndroidManifest.xml:51:13-41
60            android:value="@string/generatorApp" />
60-->src\main\AndroidManifest.xml:52:13-49
61
62        <activity android:name="com.google.androidbrowserhelper.trusted.ManageDataLauncherActivity" >
62-->src\main\AndroidManifest.xml:55:13-59:24
62-->src\main\AndroidManifest.xml:55:23-104
63            <meta-data
63-->src\main\AndroidManifest.xml:56:13-58:53
64                android:name="android.support.customtabs.trusted.MANAGE_SPACE_URL"
64-->src\main\AndroidManifest.xml:57:17-83
65                android:value="@string/launchUrl" />
65-->src\main\AndroidManifest.xml:58:17-50
66        </activity>
67        <activity
67-->src\main\AndroidManifest.xml:62:9-117:20
68            android:name="app.vercel.pwatesting.twa.LauncherActivity"
68-->src\main\AndroidManifest.xml:62:19-50
69            android:label="@string/launcherName" >
69-->src\main\AndroidManifest.xml:63:13-49
70            <meta-data
70-->src\main\AndroidManifest.xml:64:13-65:53
71                android:name="android.support.customtabs.trusted.DEFAULT_URL"
71-->src\main\AndroidManifest.xml:64:24-85
72                android:value="@string/launchUrl" />
72-->src\main\AndroidManifest.xml:65:17-50
73            <meta-data
73-->src\main\AndroidManifest.xml:67:13-69:58
74                android:name="android.support.customtabs.trusted.STATUS_BAR_COLOR"
74-->src\main\AndroidManifest.xml:68:17-83
75                android:resource="@color/colorPrimary" />
75-->src\main\AndroidManifest.xml:69:17-55
76            <meta-data
76-->src\main\AndroidManifest.xml:71:13-73:61
77                android:name="android.support.customtabs.trusted.NAVIGATION_BAR_COLOR"
77-->src\main\AndroidManifest.xml:72:17-87
78                android:resource="@color/navigationColor" />
78-->src\main\AndroidManifest.xml:73:17-58
79            <meta-data
79-->src\main\AndroidManifest.xml:75:13-77:65
80                android:name="android.support.customtabs.trusted.NAVIGATION_BAR_COLOR_DARK"
80-->src\main\AndroidManifest.xml:76:17-92
81                android:resource="@color/navigationColorDark" />
81-->src\main\AndroidManifest.xml:77:17-62
82            <meta-data
82-->src\main\AndroidManifest.xml:79:13-81:68
83                android:name="androix.browser.trusted.NAVIGATION_BAR_DIVIDER_COLOR"
83-->src\main\AndroidManifest.xml:80:17-84
84                android:resource="@color/navigationDividerColor" />
84-->src\main\AndroidManifest.xml:81:17-65
85            <meta-data
85-->src\main\AndroidManifest.xml:83:13-85:72
86                android:name="androix.browser.trusted.NAVIGATION_BAR_DIVIDER_COLOR_DARK"
86-->src\main\AndroidManifest.xml:84:17-89
87                android:resource="@color/navigationDividerColorDark" />
87-->src\main\AndroidManifest.xml:85:17-69
88            <meta-data
88-->src\main\AndroidManifest.xml:87:13-88:54
89                android:name="android.support.customtabs.trusted.SPLASH_IMAGE_DRAWABLE"
89-->src\main\AndroidManifest.xml:87:24-95
90                android:resource="@drawable/splash" />
90-->src\main\AndroidManifest.xml:88:17-52
91            <meta-data
91-->src\main\AndroidManifest.xml:90:13-91:60
92                android:name="android.support.customtabs.trusted.SPLASH_SCREEN_BACKGROUND_COLOR"
92-->src\main\AndroidManifest.xml:90:24-104
93                android:resource="@color/backgroundColor" />
93-->src\main\AndroidManifest.xml:91:17-58
94            <meta-data
94-->src\main\AndroidManifest.xml:93:13-94:71
95                android:name="android.support.customtabs.trusted.SPLASH_SCREEN_FADE_OUT_DURATION"
95-->src\main\AndroidManifest.xml:93:24-105
96                android:value="@integer/splashScreenFadeOutDuration" />
96-->src\main\AndroidManifest.xml:94:17-69
97            <meta-data
97-->src\main\AndroidManifest.xml:96:13-97:60
98                android:name="android.support.customtabs.trusted.FILE_PROVIDER_AUTHORITY"
98-->src\main\AndroidManifest.xml:96:24-97
99                android:value="@string/providerAuthority" />
99-->src\main\AndroidManifest.xml:97:17-58
100            <meta-data
100-->src\main\AndroidManifest.xml:99:13-97
101                android:name="android.app.shortcuts"
101-->src\main\AndroidManifest.xml:99:24-60
102                android:resource="@xml/shortcuts" />
102-->src\main\AndroidManifest.xml:99:61-94
103            <meta-data
103-->src\main\AndroidManifest.xml:101:13-102:56
104                android:name="android.support.customtabs.trusted.FALLBACK_STRATEGY"
104-->src\main\AndroidManifest.xml:101:24-91
105                android:value="@string/fallbackType" />
105-->src\main\AndroidManifest.xml:102:17-53
106
107            <intent-filter>
107-->src\main\AndroidManifest.xml:105:13-108:29
108                <action android:name="android.intent.action.MAIN" />
108-->src\main\AndroidManifest.xml:106:17-69
108-->src\main\AndroidManifest.xml:106:25-66
109
110                <category android:name="android.intent.category.LAUNCHER" />
110-->src\main\AndroidManifest.xml:107:17-77
110-->src\main\AndroidManifest.xml:107:27-74
111            </intent-filter>
112            <intent-filter android:autoVerify="true" >
112-->src\main\AndroidManifest.xml:110:13-116:29
112-->src\main\AndroidManifest.xml:110:28-53
113                <action android:name="android.intent.action.VIEW" />
113-->src\main\AndroidManifest.xml:111:17-68
113-->src\main\AndroidManifest.xml:111:25-66
114
115                <category android:name="android.intent.category.DEFAULT" />
115-->src\main\AndroidManifest.xml:112:17-76
115-->src\main\AndroidManifest.xml:112:27-73
116                <category android:name="android.intent.category.BROWSABLE" />
116-->src\main\AndroidManifest.xml:113:17-77
116-->src\main\AndroidManifest.xml:113:27-75
117
118                <data
118-->src\main\AndroidManifest.xml:114:17-115:54
119                    android:host="@string/hostName"
119-->src\main\AndroidManifest.xml:115:21-52
120                    android:scheme="https" />
120-->src\main\AndroidManifest.xml:114:23-45
121            </intent-filter>
122        </activity>
123        <activity android:name="com.google.androidbrowserhelper.trusted.FocusActivity" />
123-->src\main\AndroidManifest.xml:119:9-90
123-->src\main\AndroidManifest.xml:119:19-87
124        <activity
124-->src\main\AndroidManifest.xml:121:9-122:62
125            android:name="com.google.androidbrowserhelper.trusted.WebViewFallbackActivity"
125-->src\main\AndroidManifest.xml:121:19-97
126            android:configChanges="orientation|screenSize" />
126-->src\main\AndroidManifest.xml:122:13-59
127
128        <provider
128-->src\main\AndroidManifest.xml:124:9-132:20
129            android:name="androidx.core.content.FileProvider"
129-->src\main\AndroidManifest.xml:125:13-62
130            android:authorities="@string/providerAuthority"
130-->src\main\AndroidManifest.xml:126:13-60
131            android:exported="false"
131-->src\main\AndroidManifest.xml:128:13-37
132            android:grantUriPermissions="true" >
132-->src\main\AndroidManifest.xml:127:13-47
133            <meta-data
133-->src\main\AndroidManifest.xml:129:13-131:53
134                android:name="android.support.FILE_PROVIDER_PATHS"
134-->src\main\AndroidManifest.xml:130:17-67
135                android:resource="@xml/filepaths" />
135-->src\main\AndroidManifest.xml:131:17-50
136        </provider>
137
138        <service
138-->src\main\AndroidManifest.xml:134:9-145:19
139            android:name="com.google.androidbrowserhelper.trusted.DelegationService"
139-->src\main\AndroidManifest.xml:135:13-85
140            android:enabled="@bool/enableNotification"
140-->src\main\AndroidManifest.xml:136:13-55
141            android:exported="@bool/enableNotification" >
141-->src\main\AndroidManifest.xml:137:13-56
142            <intent-filter>
142-->src\main\AndroidManifest.xml:141:13-144:29
143                <action android:name="android.support.customtabs.trusted.TRUSTED_WEB_ACTIVITY_SERVICE" />
143-->src\main\AndroidManifest.xml:142:17-105
143-->src\main\AndroidManifest.xml:142:25-103
144
145                <category android:name="android.intent.category.DEFAULT" />
145-->src\main\AndroidManifest.xml:112:17-76
145-->src\main\AndroidManifest.xml:112:27-73
146            </intent-filter>
147        </service>
148    </application>
149
150</manifest>